<?xml version="1.0" encoding="UTF-8"?>
<!-- Generated by org.testng.reporters.JUnitReportReporter -->
<testsuite skipped="0" hostname="NXT-LT2004" name="com.searchmodule.tests.SearchTest" tests="4" failures="0" timestamp="27 Jun 2021 16:06:35 GMT" time="27.833" errors="0">
  <testcase name="search" time="4.522" classname="com.searchmodule.tests.SearchTest"/>
  <testcase name="search" time="8.854" classname="com.searchmodule.tests.SearchTest"/>
  <testcase name="search" time="8.419" classname="com.searchmodule.tests.SearchTest"/>
  <testcase name="search" time="6.038" classname="com.searchmodule.tests.SearchTest"/>
</testsuite> <!-- com.searchmodule.tests.SearchTest -->
